\BOOKMARK [0][-]{chapter.1}{Introduction}{}
\BOOKMARK [0][-]{chapter.2}{Ideas and choice of the robot}{}
\BOOKMARK [1][-]{section.2.1}{Underwater exploration robot}{chapter.2}
\BOOKMARK [1][-]{section.2.2}{Train cleaning robot}{chapter.2}
\BOOKMARK [1][-]{section.2.3}{Groceries sorting robot}{chapter.2}
\BOOKMARK [1][-]{section.2.4}{Gum-buster robot}{chapter.2}
\BOOKMARK [1][-]{section.2.5}{Toy clean-up robot}{chapter.2}
\BOOKMARK [1][-]{section.2.6}{Tag robot}{chapter.2}
\BOOKMARK [1][-]{section.2.7}{Volcano robot}{chapter.2}
\BOOKMARK [1][-]{section.2.8}{Object requesting educational robot}{chapter.2}
\BOOKMARK [1][-]{section.2.9}{Final decision}{chapter.2}
\BOOKMARK [0][-]{chapter.3}{Field analysis}{}
\BOOKMARK [1][-]{section.3.1}{Marketing}{chapter.3}
\BOOKMARK [1][-]{section.3.2}{Technological}{chapter.3}
\BOOKMARK [1][-]{section.3.3}{Social}{chapter.3}
\BOOKMARK [1][-]{section.3.4}{Challenges}{chapter.3}
\BOOKMARK [1][-]{section.3.5}{Competition}{chapter.3}
\BOOKMARK [0][-]{chapter.4}{Use Cases}{}
\BOOKMARK [0][-]{chapter.5}{Functional analysis}{}
\BOOKMARK [0][-]{chapter.6}{MoSCoW analysis}{}
\BOOKMARK [0][-]{chapter.7}{Morphological map}{}
\BOOKMARK [0][-]{chapter.8}{Object design}{}
\BOOKMARK [0][-]{chapter.9}{Initial design}{}
\BOOKMARK [1][-]{section.9.1}{Volcanobot}{chapter.9}
\BOOKMARK [1][-]{section.9.2}{Box-bot}{chapter.9}
\BOOKMARK [1][-]{section.9.3}{Truck teacher}{chapter.9}
\BOOKMARK [0][-]{chapter.10}{The game}{}
\BOOKMARK [1][-]{section.10.1}{Game options}{chapter.10}
\BOOKMARK [1][-]{section.10.2}{Game Choice}{chapter.10}
\BOOKMARK [2][-]{subsection.10.2.1}{Tag}{section.10.2}
\BOOKMARK [2][-]{subsection.10.2.2}{Ball shooting game 1}{section.10.2}
\BOOKMARK [2][-]{subsection.10.2.3}{Hide and Seek}{section.10.2}
\BOOKMARK [2][-]{subsection.10.2.4}{Tamagotchi}{section.10.2}
\BOOKMARK [2][-]{subsection.10.2.5}{Dancing}{section.10.2}
\BOOKMARK [2][-]{subsection.10.2.6}{Manual driving}{section.10.2}
\BOOKMARK [2][-]{subsection.10.2.7}{Ball shooting game 2}{section.10.2}
\BOOKMARK [2][-]{subsection.10.2.8}{Conclusion}{section.10.2}
\BOOKMARK [0][-]{chapter.11}{Improve 3 initial designs}{}
\BOOKMARK [1][-]{section.11.1}{Proof of concept calculations}{chapter.11}
\BOOKMARK [1][-]{section.11.2}{Sketches of exterior}{chapter.11}
\BOOKMARK [1][-]{section.11.3}{Sketches of mechanics}{chapter.11}
\BOOKMARK [1][-]{section.11.4}{Initial software architecture}{chapter.11}
\BOOKMARK [1][-]{section.11.5}{initial electronic and electrical design}{chapter.11}
\BOOKMARK [0][-]{chapter.12}{Concept choice}{}
\BOOKMARK [1][-]{section.12.1}{Difficulty to build}{chapter.12}
\BOOKMARK [1][-]{section.12.2}{Entertainment value for children}{chapter.12}
\BOOKMARK [1][-]{section.12.3}{Originality}{chapter.12}
\BOOKMARK [1][-]{section.12.4}{Final concept choice}{chapter.12}
\BOOKMARK [0][-]{chapter.13}{Name and logo}{}
\BOOKMARK [0][-]{chapter.14}{Development prototype design}{}
\BOOKMARK [1][-]{section.14.1}{Analysis of required parts}{chapter.14}
\BOOKMARK [1][-]{section.14.2}{Mechanical design}{chapter.14}
\BOOKMARK [2][-]{subsection.14.2.1}{The ball transport system }{section.14.2}
\BOOKMARK [2][-]{subsection.14.2.2}{Neck strength calculations}{section.14.2}
\BOOKMARK [1][-]{section.14.3}{SolidWorks model}{chapter.14}
\BOOKMARK [1][-]{section.14.4}{Software architecture}{chapter.14}
\BOOKMARK [1][-]{section.14.5}{Electrical and electronic design}{chapter.14}
\BOOKMARK [2][-]{subsection.14.5.1}{Battery choice}{section.14.5}
\BOOKMARK [2][-]{subsection.14.5.2}{Battery decision}{section.14.5}
\BOOKMARK [2][-]{subsection.14.5.3}{Circuit design}{section.14.5}
\BOOKMARK [1][-]{section.14.6}{Part list}{chapter.14}
\BOOKMARK [0][-]{chapter.15}{Planning Noverber to January}{}
\BOOKMARK [0][-]{chapter.16}{Conclusion}{}
\BOOKMARK [0][-]{chapter.17}{References}{}
\BOOKMARK [0][-]{section*.24}{Appendices}{}
\BOOKMARK [0][-]{Appendix.1.A}{Use Case}{}
\BOOKMARK [0][-]{Appendix.1.B}{MoSCoW model}{}
\BOOKMARK [1][-]{section.1.B.1}{Musts}{Appendix.1.B}
\BOOKMARK [1][-]{section.1.B.2}{Shoulds}{Appendix.1.B}
\BOOKMARK [1][-]{section.1.B.3}{Coulds}{Appendix.1.B}
\BOOKMARK [1][-]{section.1.B.4}{won'ts}{Appendix.1.B}
\BOOKMARK [0][-]{Appendix.1.C}{Brainstorm initial designs}{}
\BOOKMARK [0][-]{Appendix.1.D}{Different games}{}
\BOOKMARK [1][-]{section.1.D.1}{Colour recognition, age 3 to 4}{Appendix.1.D}
\BOOKMARK [1][-]{section.1.D.2}{Form recognition, age 3 to 4}{Appendix.1.D}
\BOOKMARK [1][-]{section.1.D.3}{Food recognition, age 3 to 5}{Appendix.1.D}
\BOOKMARK [1][-]{section.1.D.4}{Math, age 4 to 9}{Appendix.1.D}
\BOOKMARK [1][-]{section.1.D.5}{Animal recognition, age 3 to 5}{Appendix.1.D}
\BOOKMARK [1][-]{section.1.D.6}{Aplhabet, age 4 to 9}{Appendix.1.D}
\BOOKMARK [0][-]{Appendix.1.E}{Details software design}{}
\BOOKMARK [0][-]{Appendix.1.F}{Competitors}{}
\BOOKMARK [1][-]{section.1.F.1}{Innvo Labs}{Appendix.1.F}
\BOOKMARK [1][-]{section.1.F.2}{Zoomer}{Appendix.1.F}
\BOOKMARK [1][-]{section.1.F.3}{Orbotix}{Appendix.1.F}
\BOOKMARK [1][-]{section.1.F.4}{Anki}{Appendix.1.F}
\BOOKMARK [1][-]{section.1.F.5}{LittleBits Electronics}{Appendix.1.F}
\BOOKMARK [1][-]{section.1.F.6}{Ubooly Inc.}{Appendix.1.F}
\BOOKMARK [1][-]{section.1.F.7}{Hasbro}{Appendix.1.F}
\BOOKMARK [0][-]{Appendix.1.G}{Battery}{}
\BOOKMARK [0][-]{Appendix.1.H}{Drawings}{}
